{"C:\\Users\\kondal reddy\\Desktop\\Namaste-React\\src\\components\\Contact.js": {"path":"C:\\Users\\kondal reddy\\Desktop\\Namaste-React\\src\\components\\Contact.js","statementMap":{"0":{"start":{"line":1,"column":16},"end":{"line":13,"column":1}},"1":{"start":{"line":2,"column":4},"end":{"line":12,"column":6}}},"fnMap":{"0":{"name":"(anonymous_0)","decl":{"start":{"line":1,"column":16},"end":{"line":1,"column":17}},"loc":{"start":{"line":1,"column":22},"end":{"line":13,"column":1}},"line":1}},"branchMap":{},"s":{"0":1,"1":2},"f":{"0":2},"b":{},"_coverageSchema":"1a1c01bbd47fc00a2c39e90264f33305004495a9","hash":"fdc123f2ebb23f451f917613ae1a86abffa50dfb"}
,"C:\\Users\\kondal reddy\\Desktop\\Namaste-React\\src\\components\\Header.js": {"path":"C:\\Users\\kondal reddy\\Desktop\\Namaste-React\\src\\components\\Header.js","statementMap":{"0":{"start":{"line":8,"column":22},"end":{"line":44,"column":1}},"1":{"start":{"line":9,"column":34},"end":{"line":9,"column":51}},"2":{"start":{"line":11,"column":25},"end":{"line":11,"column":42}},"3":{"start":{"line":13,"column":27},"end":{"line":13,"column":50}},"4":{"start":{"line":15,"column":22},"end":{"line":15,"column":62}},"5":{"start":{"line":15,"column":45},"end":{"line":15,"column":61}},"6":{"start":{"line":18,"column":4},"end":{"line":43,"column":6}},"7":{"start":{"line":32,"column":24},"end":{"line":37,"column":25}},"8":{"start":{"line":33,"column":28},"end":{"line":33,"column":49}},"9":{"start":{"line":36,"column":28},"end":{"line":36,"column":48}}},"fnMap":{"0":{"name":"(anonymous_0)","decl":{"start":{"line":8,"column":22},"end":{"line":8,"column":23}},"loc":{"start":{"line":8,"column":28},"end":{"line":44,"column":1}},"line":8},"1":{"name":"(anonymous_1)","decl":{"start":{"line":15,"column":34},"end":{"line":15,"column":35}},"loc":{"start":{"line":15,"column":45},"end":{"line":15,"column":61}},"line":15},"2":{"name":"(anonymous_2)","decl":{"start":{"line":31,"column":67},"end":{"line":31,"column":68}},"loc":{"start":{"line":31,"column":73},"end":{"line":38,"column":21}},"line":31}},"branchMap":{"0":{"loc":{"start":{"line":25,"column":57},"end":{"line":25,"column":81}},"type":"cond-expr","locations":[{"start":{"line":25,"column":71},"end":{"line":25,"column":74}},{"start":{"line":25,"column":77},"end":{"line":25,"column":81}}],"line":25},"1":{"loc":{"start":{"line":32,"column":24},"end":{"line":37,"column":25}},"type":"if","locations":[{"start":{"line":32,"column":24},"end":{"line":37,"column":25}},{"start":{"line":35,"column":28},"end":{"line":37,"column":25}}],"line":32}},"s":{"0":1,"1":5,"2":5,"3":5,"4":5,"5":9,"6":5,"7":1,"8":1,"9":0},"f":{"0":5,"1":9,"2":1},"b":{"0":[5,0],"1":[1,0]},"_coverageSchema":"1a1c01bbd47fc00a2c39e90264f33305004495a9","hash":"f297e3482a7d9bd3a1fc17eaab2327572a5f93f3"}
,"C:\\Users\\kondal reddy\\Desktop\\Namaste-React\\src\\components\\RestaurantCard.js": {"path":"C:\\Users\\kondal reddy\\Desktop\\Namaste-React\\src\\components\\RestaurantCard.js","statementMap":{"0":{"start":{"line":3,"column":30},"end":{"line":18,"column":1}},"1":{"start":{"line":5,"column":59},"end":{"line":5,"column":91}},"2":{"start":{"line":7,"column":4},"end":{"line":7,"column":31}},"3":{"start":{"line":9,"column":4},"end":{"line":17,"column":6}},"4":{"start":{"line":20,"column":33},"end":{"line":29,"column":1}},"5":{"start":{"line":21,"column":4},"end":{"line":28,"column":6}},"6":{"start":{"line":22,"column":8},"end":{"line":27,"column":10}}},"fnMap":{"0":{"name":"(anonymous_0)","decl":{"start":{"line":3,"column":30},"end":{"line":3,"column":31}},"loc":{"start":{"line":3,"column":41},"end":{"line":18,"column":1}},"line":3},"1":{"name":"(anonymous_1)","decl":{"start":{"line":20,"column":33},"end":{"line":20,"column":34}},"loc":{"start":{"line":20,"column":53},"end":{"line":29,"column":1}},"line":20},"2":{"name":"(anonymous_2)","decl":{"start":{"line":21,"column":11},"end":{"line":21,"column":12}},"loc":{"start":{"line":21,"column":22},"end":{"line":28,"column":5}},"line":21}},"branchMap":{},"s":{"0":1,"1":5,"2":0,"3":0,"4":1,"5":0,"6":0},"f":{"0":5,"1":0,"2":0},"b":{},"_coverageSchema":"1a1c01bbd47fc00a2c39e90264f33305004495a9","hash":"068dc511e3333540dcbf8d7a21fd42c5a09acb50"}
,"C:\\Users\\kondal reddy\\Desktop\\Namaste-React\\src\\components\\sum.js": {"path":"C:\\Users\\kondal reddy\\Desktop\\Namaste-React\\src\\components\\sum.js","statementMap":{"0":{"start":{"line":1,"column":19},"end":{"line":3,"column":1}},"1":{"start":{"line":2,"column":4},"end":{"line":2,"column":15}}},"fnMap":{"0":{"name":"(anonymous_0)","decl":{"start":{"line":1,"column":19},"end":{"line":1,"column":20}},"loc":{"start":{"line":1,"column":29},"end":{"line":3,"column":1}},"line":1}},"branchMap":{},"s":{"0":1,"1":1},"f":{"0":1},"b":{},"_coverageSchema":"1a1c01bbd47fc00a2c39e90264f33305004495a9","hash":"53cf7c9f658f0965fdf7eab0dcefcdeb24281963"}
,"C:\\Users\\kondal reddy\\Desktop\\Namaste-React\\src\\utils\\UserContext.js": {"path":"C:\\Users\\kondal reddy\\Desktop\\Namaste-React\\src\\utils\\UserContext.js","statementMap":{"0":{"start":{"line":3,"column":20},"end":{"line":5,"column":2}}},"fnMap":{},"branchMap":{},"s":{"0":1},"f":{},"b":{},"_coverageSchema":"1a1c01bbd47fc00a2c39e90264f33305004495a9","hash":"1551975676d875ade9de122ce2afbfe15aae4aa9"}
,"C:\\Users\\kondal reddy\\Desktop\\Namaste-React\\src\\utils\\appStore.js": {"path":"C:\\Users\\kondal reddy\\Desktop\\Namaste-React\\src\\utils\\appStore.js","statementMap":{"0":{"start":{"line":4,"column":17},"end":{"line":8,"column":2}}},"fnMap":{},"branchMap":{},"s":{"0":1},"f":{},"b":{},"_coverageSchema":"1a1c01bbd47fc00a2c39e90264f33305004495a9","hash":"f1a5025551b663f44e690fe92b2a570d80bd964d"}
,"C:\\Users\\kondal reddy\\Desktop\\Namaste-React\\src\\utils\\cartSlice.js": {"path":"C:\\Users\\kondal reddy\\Desktop\\Namaste-React\\src\\utils\\cartSlice.js","statementMap":{"0":{"start":{"line":3,"column":18},"end":{"line":19,"column":2}},"1":{"start":{"line":10,"column":12},"end":{"line":10,"column":45}},"2":{"start":{"line":13,"column":12},"end":{"line":13,"column":30}},"3":{"start":{"line":16,"column":12},"end":{"line":16,"column":35}},"4":{"start":{"line":21,"column":48},"end":{"line":21,"column":65}}},"fnMap":{"0":{"name":"(anonymous_0)","decl":{"start":{"line":9,"column":17},"end":{"line":9,"column":18}},"loc":{"start":{"line":9,"column":36},"end":{"line":11,"column":9}},"line":9},"1":{"name":"(anonymous_1)","decl":{"start":{"line":12,"column":20},"end":{"line":12,"column":21}},"loc":{"start":{"line":12,"column":39},"end":{"line":14,"column":9}},"line":12},"2":{"name":"(anonymous_2)","decl":{"start":{"line":15,"column":19},"end":{"line":15,"column":20}},"loc":{"start":{"line":15,"column":38},"end":{"line":17,"column":9}},"line":15}},"branchMap":{},"s":{"0":1,"1":0,"2":0,"3":0,"4":1},"f":{"0":0,"1":0,"2":0},"b":{},"_coverageSchema":"1a1c01bbd47fc00a2c39e90264f33305004495a9","hash":"7ba4e2f5d660ed3c01a0562a56889a80b3a2a268"}
,"C:\\Users\\kondal reddy\\Desktop\\Namaste-React\\src\\utils\\constants.js": {"path":"C:\\Users\\kondal reddy\\Desktop\\Namaste-React\\src\\utils\\constants.js","statementMap":{"0":{"start":{"line":1,"column":23},"end":{"line":1,"column":106}},"1":{"start":{"line":3,"column":24},"end":{"line":3,"column":113}},"2":{"start":{"line":5,"column":24},"end":{"line":5,"column":153}}},"fnMap":{},"branchMap":{},"s":{"0":2,"1":2,"2":2},"f":{},"b":{},"_coverageSchema":"1a1c01bbd47fc00a2c39e90264f33305004495a9","hash":"cd7b7458fcbb7486e4e491361a8e58b330091bf3"}
,"C:\\Users\\kondal reddy\\Desktop\\Namaste-React\\src\\utils\\useOnlineStatus.js": {"path":"C:\\Users\\kondal reddy\\Desktop\\Namaste-React\\src\\utils\\useOnlineStatus.js","statementMap":{"0":{"start":{"line":3,"column":24},"end":{"line":19,"column":1}},"1":{"start":{"line":4,"column":44},"end":{"line":4,"column":58}},"2":{"start":{"line":6,"column":4},"end":{"line":15,"column":11}},"3":{"start":{"line":7,"column":8},"end":{"line":9,"column":11}},"4":{"start":{"line":8,"column":12},"end":{"line":8,"column":35}},"5":{"start":{"line":11,"column":8},"end":{"line":13,"column":11}},"6":{"start":{"line":12,"column":12},"end":{"line":12,"column":34}},"7":{"start":{"line":18,"column":4},"end":{"line":18,"column":24}}},"fnMap":{"0":{"name":"(anonymous_0)","decl":{"start":{"line":3,"column":24},"end":{"line":3,"column":25}},"loc":{"start":{"line":3,"column":30},"end":{"line":19,"column":1}},"line":3},"1":{"name":"(anonymous_1)","decl":{"start":{"line":6,"column":14},"end":{"line":6,"column":15}},"loc":{"start":{"line":6,"column":18},"end":{"line":15,"column":5}},"line":6},"2":{"name":"(anonymous_2)","decl":{"start":{"line":7,"column":43},"end":{"line":7,"column":44}},"loc":{"start":{"line":7,"column":54},"end":{"line":9,"column":9}},"line":7},"3":{"name":"(anonymous_3)","decl":{"start":{"line":11,"column":42},"end":{"line":11,"column":43}},"loc":{"start":{"line":11,"column":53},"end":{"line":13,"column":9}},"line":11}},"branchMap":{},"s":{"0":1,"1":5,"2":5,"3":4,"4":0,"5":4,"6":0,"7":5},"f":{"0":5,"1":4,"2":0,"3":0},"b":{},"_coverageSchema":"1a1c01bbd47fc00a2c39e90264f33305004495a9","hash":"9da3973ba804887522f7a8bad8b483ecfa72da68"}
}
